{"/Users/elberttimothy/Desktop/icac_scoresheet/backend/src/lib/utilities.ts": {"path":"/Users/elberttimothy/Desktop/icac_scoresheet/backend/src/lib/utilities.ts","statementMap":{"0":{"start":{"line":6,"column":49},"end":{"line":13,"column":1}},"1":{"start":{"line":15,"column":49},"end":{"line":18,"column":1}},"2":{"start":{"line":20,"column":59},"end":{"line":23,"column":1}},"3":{"start":{"line":25,"column":56},"end":{"line":38,"column":1}},"4":{"start":{"line":41,"column":18},"end":{"line":41,"column":36}},"5":{"start":{"line":42,"column":4},"end":{"line":42,"column":29}},"6":{"start":{"line":46,"column":21},"end":{"line":46,"column":47}},"7":{"start":{"line":47,"column":4},"end":{"line":47,"column":65}},"8":{"start":{"line":51,"column":24},"end":{"line":51,"column":59}},"9":{"start":{"line":52,"column":4},"end":{"line":53,"column":20}},"10":{"start":{"line":52,"column":30},"end":{"line":52,"column":72}},"11":{"start":{"line":53,"column":9},"end":{"line":53,"column":20}},"12":{"start":{"line":57,"column":27},"end":{"line":57,"column":61}},"13":{"start":{"line":58,"column":4},"end":{"line":58,"column":44}},"14":{"start":{"line":59,"column":4},"end":{"line":59,"column":56}},"15":{"start":{"line":63,"column":31},"end":{"line":63,"column":56}},"16":{"start":{"line":67,"column":30},"end":{"line":67,"column":72}},"17":{"start":{"line":68,"column":4},"end":{"line":68,"column":35}}},"fnMap":{"0":{"name":"isValidAlphanumeric","decl":{"start":{"line":40,"column":16},"end":{"line":40,"column":35}},"loc":{"start":{"line":40,"column":61},"end":{"line":43,"column":1}},"line":40},"1":{"name":"getUserId","decl":{"start":{"line":45,"column":22},"end":{"line":45,"column":31}},"loc":{"start":{"line":45,"column":74},"end":{"line":48,"column":1}},"line":45},"2":{"name":"getRedisMatch","decl":{"start":{"line":50,"column":22},"end":{"line":50,"column":35}},"loc":{"start":{"line":50,"column":53},"end":{"line":54,"column":1}},"line":50},"3":{"name":"setRedisMatchReservation","decl":{"start":{"line":56,"column":22},"end":{"line":56,"column":46}},"loc":{"start":{"line":56,"column":100},"end":{"line":60,"column":1}},"line":56},"4":{"name":"getRedisMatchReservations","decl":{"start":{"line":62,"column":22},"end":{"line":62,"column":47}},"loc":{"start":{"line":62,"column":82},"end":{"line":69,"column":1}},"line":62}},"branchMap":{"0":{"loc":{"start":{"line":47,"column":11},"end":{"line":47,"column":65}},"type":"binary-expr","locations":[{"start":{"line":47,"column":11},"end":{"line":47,"column":56}},{"start":{"line":47,"column":60},"end":{"line":47,"column":65}}],"line":47},"1":{"loc":{"start":{"line":52,"column":4},"end":{"line":53,"column":20}},"type":"if","locations":[{"start":{"line":52,"column":4},"end":{"line":53,"column":20}},{"start":{"line":53,"column":9},"end":{"line":53,"column":20}}],"line":52}},"s":{"0":2,"1":2,"2":2,"3":2,"4":0,"5":0,"6":0,"7":0,"8":0,"9":0,"10":0,"11":0,"12":0,"13":0,"14":0,"15":0,"16":0,"17":0},"f":{"0":0,"1":0,"2":0,"3":0,"4":0},"b":{"0":[0,0],"1":[0,0]},"_coverageSchema":"1a1c01bbd47fc00a2c39e90264f33305004495a9","hash":"8a5cb34cbb8c24cfa520c0113829f307745eb983"}
,"/Users/elberttimothy/Desktop/icac_scoresheet/backend/src/lib/redis/useRedisClient.ts": {"path":"/Users/elberttimothy/Desktop/icac_scoresheet/backend/src/lib/redis/useRedisClient.ts","statementMap":{"0":{"start":{"line":8,"column":0},"end":{"line":15,"column":1}},"1":{"start":{"line":9,"column":4},"end":{"line":11,"column":6}},"2":{"start":{"line":14,"column":4},"end":{"line":14,"column":46}},"3":{"start":{"line":17,"column":20},"end":{"line":17,"column":42}}},"fnMap":{},"branchMap":{"0":{"loc":{"start":{"line":8,"column":0},"end":{"line":15,"column":1}},"type":"if","locations":[{"start":{"line":8,"column":0},"end":{"line":15,"column":1}},{"start":{"line":13,"column":7},"end":{"line":15,"column":1}}],"line":8},"1":{"loc":{"start":{"line":9,"column":25},"end":{"line":11,"column":6}},"type":"binary-expr","locations":[{"start":{"line":9,"column":25},"end":{"line":9,"column":47}},{"start":{"line":9,"column":51},"end":{"line":11,"column":6}}],"line":9}},"s":{"0":2,"1":2,"2":0,"3":2},"f":{},"b":{"0":[2,0],"1":[2,2]},"_coverageSchema":"1a1c01bbd47fc00a2c39e90264f33305004495a9","hash":"0974cf8e78a3ce64a106d2b59ad5f401fca8b5fd"}
,"/Users/elberttimothy/Desktop/icac_scoresheet/backend/src/lib/supabase/useSupabaseClient.ts": {"path":"/Users/elberttimothy/Desktop/icac_scoresheet/backend/src/lib/supabase/useSupabaseClient.ts","statementMap":{"0":{"start":{"line":7,"column":4},"end":{"line":29,"column":5}},"1":{"start":{"line":8,"column":8},"end":{"line":28,"column":11}},"2":{"start":{"line":11,"column":36},"end":{"line":11,"column":55}},"3":{"start":{"line":12,"column":35},"end":{"line":12,"column":53}},"4":{"start":{"line":13,"column":20},"end":{"line":13,"column":54}},"5":{"start":{"line":16,"column":20},"end":{"line":16,"column":45}},"6":{"start":{"line":16,"column":38},"end":{"line":16,"column":45}},"7":{"start":{"line":17,"column":20},"end":{"line":21,"column":23}},"8":{"start":{"line":24,"column":20},"end":{"line":24,"column":45}},"9":{"start":{"line":24,"column":38},"end":{"line":24,"column":45}},"10":{"start":{"line":25,"column":20},"end":{"line":25,"column":80}},"11":{"start":{"line":31,"column":4},"end":{"line":31,"column":94}}},"fnMap":{"0":{"name":"useSupabaseClient","decl":{"start":{"line":5,"column":24},"end":{"line":5,"column":41}},"loc":{"start":{"line":5,"column":84},"end":{"line":32,"column":1}},"line":5},"1":{"name":"(anonymous_1)","decl":{"start":{"line":10,"column":21},"end":{"line":10,"column":22}},"loc":{"start":{"line":10,"column":30},"end":{"line":14,"column":17}},"line":10},"2":{"name":"(anonymous_2)","decl":{"start":{"line":15,"column":21},"end":{"line":15,"column":22}},"loc":{"start":{"line":15,"column":46},"end":{"line":22,"column":17}},"line":15},"3":{"name":"(anonymous_3)","decl":{"start":{"line":23,"column":24},"end":{"line":23,"column":25}},"loc":{"start":{"line":23,"column":42},"end":{"line":26,"column":17}},"line":23}},"branchMap":{"0":{"loc":{"start":{"line":7,"column":4},"end":{"line":29,"column":5}},"type":"if","locations":[{"start":{"line":7,"column":4},"end":{"line":29,"column":5}},{"start":{},"end":{}}],"line":7},"1":{"loc":{"start":{"line":7,"column":8},"end":{"line":7,"column":65}},"type":"binary-expr","locations":[{"start":{"line":7,"column":8},"end":{"line":7,"column":32}},{"start":{"line":7,"column":36},"end":{"line":7,"column":65}}],"line":7},"2":{"loc":{"start":{"line":12,"column":35},"end":{"line":12,"column":53}},"type":"binary-expr","locations":[{"start":{"line":12,"column":35},"end":{"line":12,"column":47}},{"start":{"line":12,"column":51},"end":{"line":12,"column":53}}],"line":12},"3":{"loc":{"start":{"line":16,"column":20},"end":{"line":16,"column":45}},"type":"if","locations":[{"start":{"line":16,"column":20},"end":{"line":16,"column":45}},{"start":{},"end":{}}],"line":16},"4":{"loc":{"start":{"line":24,"column":20},"end":{"line":24,"column":45}},"type":"if","locations":[{"start":{"line":24,"column":20},"end":{"line":24,"column":45}},{"start":{},"end":{}}],"line":24}},"s":{"0":0,"1":0,"2":0,"3":0,"4":0,"5":0,"6":0,"7":0,"8":0,"9":0,"10":0,"11":0},"f":{"0":0,"1":0,"2":0,"3":0},"b":{"0":[0,0],"1":[0,0],"2":[0,0],"3":[0,0],"4":[0,0]},"_coverageSchema":"1a1c01bbd47fc00a2c39e90264f33305004495a9","hash":"68763d26035dd5b22a4bfc1fd0491afd940e0f8e"}
}
