{"/Users/elberttimothy/Desktop/icac_scoresheet/backend/src/lib/utilities.ts": {"path":"/Users/elberttimothy/Desktop/icac_scoresheet/backend/src/lib/utilities.ts","statementMap":{"0":{"start":{"line":3,"column":49},"end":{"line":10,"column":1}},"1":{"start":{"line":12,"column":49},"end":{"line":15,"column":1}},"2":{"start":{"line":17,"column":59},"end":{"line":20,"column":1}}},"fnMap":{},"branchMap":{},"s":{"0":2,"1":2,"2":2},"f":{},"b":{},"_coverageSchema":"1a1c01bbd47fc00a2c39e90264f33305004495a9","hash":"0118c4a2e39f6781836d104e8a5aab5458705dfb"}
}
