TN:
SF:src/lib/utilities.ts
FN:40,isValidAlphanumeric
FN:45,getUserId
FN:50,getRedisMatch
FN:56,setRedisMatchReservation
FN:62,getRedisMatchReservations
FN:71,isValidDateString
FNF:6
FNH:0
FNDA:0,isValidAlphanumeric
FNDA:0,getUserId
FNDA:0,getRedisMatch
FNDA:0,setRedisMatchReservation
FNDA:0,getRedisMatchReservations
FNDA:0,isValidDateString
DA:6,2
DA:15,2
DA:20,2
DA:25,2
DA:41,0
DA:42,0
DA:46,0
DA:47,0
DA:51,0
DA:52,0
DA:53,0
DA:57,0
DA:58,0
DA:59,0
DA:63,0
DA:67,0
DA:68,0
DA:72,0
DA:73,0
LF:19
LH:4
BRDA:47,0,0,0
BRDA:47,0,1,0
BRDA:52,1,0,0
BRDA:52,1,1,0
BRDA:73,2,0,0
BRDA:73,2,1,0
BRF:6
BRH:0
end_of_record
TN:
SF:src/lib/redis/useRedisClient.ts
FNF:0
FNH:0
DA:8,2
DA:9,2
DA:14,0
DA:17,2
LF:4
LH:3
BRDA:8,0,0,2
BRDA:8,0,1,0
BRDA:9,1,0,2
BRDA:9,1,1,2
BRF:4
BRH:3
end_of_record
TN:
SF:src/lib/supabase/useSupabaseClient.ts
FN:5,useSupabaseClient
FN:10,(anonymous_1)
FN:15,(anonymous_2)
FN:23,(anonymous_3)
FNF:4
FNH:0
FNDA:0,useSupabaseClient
FNDA:0,(anonymous_1)
FNDA:0,(anonymous_2)
FNDA:0,(anonymous_3)
DA:7,0
DA:8,0
DA:11,0
DA:12,0
DA:13,0
DA:16,0
DA:17,0
DA:24,0
DA:25,0
DA:31,0
LF:10
LH:0
BRDA:7,0,0,0
BRDA:7,0,1,0
BRDA:7,1,0,0
BRDA:7,1,1,0
BRDA:12,2,0,0
BRDA:12,2,1,0
BRDA:16,3,0,0
BRDA:16,3,1,0
BRDA:24,4,0,0
BRDA:24,4,1,0
BRF:10
BRH:0
end_of_record
