TN:
SF:src/lib/utilities.ts
FN:24,isValidAlphanumeric
FN:29,getUserId
FNF:2
FNH:0
FNDA:0,isValidAlphanumeric
FNDA:0,getUserId
DA:5,1
DA:14,1
DA:19,1
DA:25,0
DA:26,0
DA:30,0
DA:31,0
LF:7
LH:3
BRDA:31,0,0,0
BRDA:31,0,1,0
BRF:2
BRH:0
end_of_record
TN:
SF:src/lib/supabase/useSupabaseClient.ts
FN:5,useSupabaseClient
FN:10,(anonymous_1)
FN:15,(anonymous_2)
FN:23,(anonymous_3)
FNF:4
FNH:0
FNDA:0,useSupabaseClient
FNDA:0,(anonymous_1)
FNDA:0,(anonymous_2)
FNDA:0,(anonymous_3)
DA:7,0
DA:8,0
DA:11,0
DA:12,0
DA:13,0
DA:16,0
DA:17,0
DA:24,0
DA:25,0
DA:31,0
LF:10
LH:0
BRDA:7,0,0,0
BRDA:7,0,1,0
BRDA:7,1,0,0
BRDA:7,1,1,0
BRDA:12,2,0,0
BRDA:12,2,1,0
BRDA:16,3,0,0
BRDA:16,3,1,0
BRDA:24,4,0,0
BRDA:24,4,1,0
BRF:10
BRH:0
end_of_record
