<?xml version="1.0" encoding="UTF-8"?>
<coverage generated="1702187879968" clover="3.2.0">
  <project timestamp="1702187879968" name="All files">
    <metrics statements="129" coveredstatements="86" conditionals="52" coveredconditionals="28" methods="36" coveredmethods="24" elements="217" coveredelements="138" complexity="0" loc="129" ncloc="129" packages="4" files="5" classes="5"/>
    <package name="lib">
      <metrics statements="32" coveredstatements="8" conditionals="10" coveredconditionals="0" methods="12" coveredmethods="3"/>
      <file name="utilities.ts" path="/Users/elberttimothy/Desktop/icac_scoresheet/match_server/src/lib/utilities.ts">
        <metrics statements="32" coveredstatements="8" conditionals="10" coveredconditionals="0" methods="12" coveredmethods="3"/>
        <line num="8" count="1" type="stmt"/>
        <line num="9" count="1" type="stmt"/>
        <line num="11" count="1" type="stmt"/>
        <line num="20" count="1" type="stmt"/>
        <line num="25" count="1" type="stmt"/>
        <line num="30" count="1" type="stmt"/>
        <line num="46" count="0" type="stmt"/>
        <line num="47" count="0" type="stmt"/>
        <line num="51" count="0" type="stmt"/>
        <line num="52" count="0" type="cond" truecount="0" falsecount="2"/>
        <line num="56" count="0" type="stmt"/>
        <line num="57" count="0" type="cond" truecount="0" falsecount="2"/>
        <line num="58" count="0" type="stmt"/>
        <line num="62" count="0" type="stmt"/>
        <line num="63" count="0" type="stmt"/>
        <line num="64" count="0" type="stmt"/>
        <line num="68" count="0" type="stmt"/>
        <line num="72" count="0" type="stmt"/>
        <line num="73" count="0" type="stmt"/>
        <line num="77" count="0" type="stmt"/>
        <line num="78" count="0" type="cond" truecount="0" falsecount="2"/>
        <line num="82" count="0" type="cond" truecount="0" falsecount="2"/>
        <line num="83" count="0" type="stmt"/>
        <line num="84" count="0" type="stmt"/>
        <line num="94" count="0" type="stmt"/>
        <line num="95" count="0" type="stmt"/>
        <line num="96" count="0" type="stmt"/>
        <line num="103" count="0" type="cond" truecount="0" falsecount="2"/>
        <line num="104" count="0" type="stmt"/>
        <line num="106" count="0" type="stmt"/>
        <line num="110" count="4" type="stmt"/>
        <line num="111" count="4" type="stmt"/>
      </file>
    </package>
    <package name="lib.classes">
      <metrics statements="86" coveredstatements="74" conditionals="32" coveredconditionals="25" methods="22" coveredmethods="21"/>
      <file name="Match.ts" path="/Users/elberttimothy/Desktop/icac_scoresheet/match_server/src/lib/classes/Match.ts">
        <metrics statements="85" coveredstatements="73" conditionals="32" coveredconditionals="25" methods="21" coveredmethods="20"/>
        <line num="36" count="21" type="stmt"/>
        <line num="39" count="4" type="stmt"/>
        <line num="44" count="5" type="stmt"/>
        <line num="45" count="5" type="stmt"/>
        <line num="46" count="5" type="stmt"/>
        <line num="48" count="5" type="cond" truecount="4" falsecount="0"/>
        <line num="49" count="2" type="stmt"/>
        <line num="50" count="2" type="stmt"/>
        <line num="54" count="5" type="cond" truecount="2" falsecount="0"/>
        <line num="55" count="3" type="stmt"/>
        <line num="56" count="11" type="stmt"/>
        <line num="63" count="6" type="stmt"/>
        <line num="65" count="6" type="cond" truecount="2" falsecount="0"/>
        <line num="66" count="1" type="stmt"/>
        <line num="69" count="5" type="stmt"/>
        <line num="70" count="5" type="stmt"/>
        <line num="71" count="5" type="stmt"/>
        <line num="72" count="5" type="stmt"/>
        <line num="73" count="5" type="stmt"/>
        <line num="79" count="21" type="stmt"/>
        <line num="80" count="21" type="stmt"/>
        <line num="81" count="56" type="stmt"/>
        <line num="82" count="56" type="stmt"/>
        <line num="90" count="21" type="stmt"/>
        <line num="103" count="10" type="stmt"/>
        <line num="104" count="10" type="stmt"/>
        <line num="111" count="9" type="cond" truecount="2" falsecount="0"/>
        <line num="112" count="2" type="stmt"/>
        <line num="113" count="7" type="cond" truecount="1" falsecount="1"/>
        <line num="114" count="7" type="stmt"/>
        <line num="122" count="8" type="cond" truecount="2" falsecount="0"/>
        <line num="123" count="1" type="stmt"/>
        <line num="124" count="4" type="stmt"/>
        <line num="126" count="4" type="cond" truecount="1" falsecount="1"/>
        <line num="127" count="1" type="stmt"/>
        <line num="137" count="5" type="stmt"/>
        <line num="146" count="2" type="stmt"/>
        <line num="147" count="2" type="stmt"/>
        <line num="148" count="2" type="stmt"/>
        <line num="149" count="2" type="stmt"/>
        <line num="150" count="2" type="stmt"/>
        <line num="152" count="0" type="stmt"/>
        <line num="153" count="0" type="stmt"/>
        <line num="163" count="1" type="stmt"/>
        <line num="164" count="1" type="stmt"/>
        <line num="165" count="1" type="stmt"/>
        <line num="166" count="1" type="stmt"/>
        <line num="168" count="0" type="stmt"/>
        <line num="169" count="0" type="stmt"/>
        <line num="191" count="8" type="stmt"/>
        <line num="201" count="8" type="cond" truecount="4" falsecount="0"/>
        <line num="202" count="1" type="stmt"/>
        <line num="203" count="7" type="cond" truecount="1" falsecount="1"/>
        <line num="204" count="0" type="stmt"/>
        <line num="205" count="0" type="stmt"/>
        <line num="207" count="0" type="cond" truecount="0" falsecount="2"/>
        <line num="208" count="0" type="stmt"/>
        <line num="209" count="0" type="stmt"/>
        <line num="210" count="0" type="stmt"/>
        <line num="211" count="0" type="stmt"/>
        <line num="213" count="0" type="stmt"/>
        <line num="216" count="7" type="stmt"/>
        <line num="217" count="7" type="stmt"/>
        <line num="218" count="7" type="stmt"/>
        <line num="219" count="7" type="stmt"/>
        <line num="228" count="3" type="cond" truecount="2" falsecount="0"/>
        <line num="229" count="2" type="stmt"/>
        <line num="230" count="2" type="stmt"/>
        <line num="231" count="2" type="stmt"/>
        <line num="232" count="2" type="stmt"/>
        <line num="234" count="1" type="stmt"/>
        <line num="244" count="9" type="cond" truecount="2" falsecount="0"/>
        <line num="245" count="8" type="stmt"/>
        <line num="246" count="8" type="stmt"/>
        <line num="247" count="8" type="stmt"/>
        <line num="248" count="8" type="stmt"/>
        <line num="250" count="1" type="stmt"/>
        <line num="260" count="5" type="cond" truecount="2" falsecount="0"/>
        <line num="261" count="4" type="stmt"/>
        <line num="262" count="4" type="stmt"/>
        <line num="263" count="4" type="stmt"/>
        <line num="265" count="1" type="stmt"/>
        <line num="274" count="18" type="stmt"/>
        <line num="282" count="24" type="stmt"/>
        <line num="291" count="1" type="cond" truecount="0" falsecount="2"/>
      </file>
      <file name="MatchParticipant.ts" path="/Users/elberttimothy/Desktop/icac_scoresheet/match_server/src/lib/classes/MatchParticipant.ts">
        <metrics statements="1" coveredstatements="1" conditionals="0" coveredconditionals="0" methods="1" coveredmethods="1"/>
        <line num="17" count="18" type="stmt"/>
      </file>
    </package>
    <package name="lib.redis">
      <metrics statements="4" coveredstatements="3" conditionals="4" coveredconditionals="3" methods="0" coveredmethods="0"/>
      <file name="redisClient.ts" path="/Users/elberttimothy/Desktop/icac_scoresheet/match_server/src/lib/redis/redisClient.ts">
        <metrics statements="4" coveredstatements="3" conditionals="4" coveredconditionals="3" methods="0" coveredmethods="0"/>
        <line num="8" count="1" type="cond" truecount="1" falsecount="1"/>
        <line num="9" count="1" type="cond" truecount="2" falsecount="0"/>
        <line num="14" count="0" type="stmt"/>
        <line num="17" count="1" type="stmt"/>
      </file>
    </package>
    <package name="lib.supabase">
      <metrics statements="7" coveredstatements="1" conditionals="6" coveredconditionals="0" methods="2" coveredmethods="0"/>
      <file name="useSupabaseClient.ts" path="/Users/elberttimothy/Desktop/icac_scoresheet/match_server/src/lib/supabase/useSupabaseClient.ts">
        <metrics statements="7" coveredstatements="1" conditionals="6" coveredconditionals="0" methods="2" coveredmethods="0"/>
        <line num="5" count="1" type="stmt"/>
        <line num="9" count="0" type="cond" truecount="0" falsecount="4"/>
        <line num="10" count="0" type="stmt"/>
        <line num="13" count="0" type="stmt"/>
        <line num="14" count="0" type="cond" truecount="0" falsecount="2"/>
        <line num="15" count="0" type="stmt"/>
        <line num="21" count="0" type="stmt"/>
      </file>
    </package>
  </project>
</coverage>
