<?xml version="1.0" encoding="UTF-8"?>
<coverage generated="1702460754274" clover="3.2.0">
  <project timestamp="1702460754274" name="All files">
    <metrics statements="123" coveredstatements="89" conditionals="34" coveredconditionals="25" methods="22" coveredmethods="21" elements="179" coveredelements="135" complexity="0" loc="123" ncloc="123" packages="1" files="1" classes="1"/>
    <file name="LiveMatch.ts" path="/Users/elberttimothy/Desktop/icac_scoresheet/match_server/src/lib/classes/LiveMatch.ts">
      <metrics statements="123" coveredstatements="89" conditionals="34" coveredconditionals="25" methods="22" coveredmethods="21"/>
      <line num="51" count="1" type="stmt"/>
      <line num="54" count="1" type="stmt"/>
      <line num="55" count="1" type="stmt"/>
      <line num="64" count="1" type="stmt"/>
      <line num="83" count="23" type="stmt"/>
      <line num="84" count="23" type="stmt"/>
      <line num="88" count="23" type="cond" truecount="2" falsecount="0"/>
      <line num="89" count="19" type="stmt"/>
      <line num="91" count="4" type="stmt"/>
      <line num="94" count="0" type="stmt"/>
      <line num="95" count="0" type="stmt"/>
      <line num="114" count="4" type="stmt"/>
      <line num="115" count="4" type="stmt"/>
      <line num="116" count="4" type="stmt"/>
      <line num="120" count="4" type="cond" truecount="2" falsecount="0"/>
      <line num="121" count="3" type="stmt"/>
      <line num="123" count="1" type="stmt"/>
      <line num="124" count="9" type="stmt"/>
      <line num="125" count="1" type="stmt"/>
      <line num="128" count="0" type="stmt"/>
      <line num="129" count="0" type="stmt"/>
      <line num="140" count="8" type="stmt"/>
      <line num="141" count="8" type="stmt"/>
      <line num="142" count="8" type="stmt"/>
      <line num="143" count="8" type="stmt"/>
      <line num="145" count="8" type="cond" truecount="4" falsecount="0"/>
      <line num="146" count="6" type="stmt"/>
      <line num="147" count="6" type="cond" truecount="2" falsecount="0"/>
      <line num="148" count="2" type="stmt"/>
      <line num="150" count="6" type="stmt"/>
      <line num="152" count="2" type="stmt"/>
      <line num="155" count="0" type="stmt"/>
      <line num="156" count="0" type="stmt"/>
      <line num="165" count="6" type="stmt"/>
      <line num="166" count="6" type="stmt"/>
      <line num="169" count="5" type="stmt"/>
      <line num="171" count="1" type="stmt"/>
      <line num="172" count="1" type="stmt"/>
      <line num="182" count="2" type="stmt"/>
      <line num="183" count="2" type="stmt"/>
      <line num="184" count="2" type="stmt"/>
      <line num="185" count="2" type="stmt"/>
      <line num="186" count="2" type="stmt"/>
      <line num="188" count="0" type="stmt"/>
      <line num="189" count="0" type="stmt"/>
      <line num="198" count="13" type="stmt"/>
      <line num="199" count="13" type="stmt"/>
      <line num="200" count="13" type="stmt"/>
      <line num="202" count="0" type="stmt"/>
      <line num="203" count="0" type="stmt"/>
      <line num="212" count="6" type="stmt"/>
      <line num="213" count="6" type="stmt"/>
      <line num="216" count="6" type="cond" truecount="1" falsecount="1"/>
      <line num="217" count="0" type="stmt"/>
      <line num="219" count="6" type="stmt"/>
      <line num="220" count="24" type="stmt"/>
      <line num="222" count="6" type="stmt"/>
      <line num="225" count="0" type="stmt"/>
      <line num="235" count="6" type="stmt"/>
      <line num="236" count="6" type="stmt"/>
      <line num="238" count="6" type="cond" truecount="2" falsecount="0"/>
      <line num="239" count="5" type="stmt"/>
      <line num="240" count="5" type="stmt"/>
      <line num="242" count="1" type="stmt"/>
      <line num="245" count="0" type="stmt"/>
      <line num="246" count="0" type="stmt"/>
      <line num="256" count="2" type="stmt"/>
      <line num="257" count="2" type="stmt"/>
      <line num="259" count="2" type="cond" truecount="2" falsecount="0"/>
      <line num="260" count="1" type="stmt"/>
      <line num="262" count="1" type="stmt"/>
      <line num="265" count="0" type="stmt"/>
      <line num="266" count="0" type="stmt"/>
      <line num="276" count="2" type="stmt"/>
      <line num="277" count="2" type="stmt"/>
      <line num="279" count="2" type="cond" truecount="2" falsecount="0"/>
      <line num="280" count="1" type="stmt"/>
      <line num="282" count="1" type="stmt"/>
      <line num="285" count="0" type="stmt"/>
      <line num="286" count="0" type="stmt"/>
      <line num="296" count="2" type="stmt"/>
      <line num="297" count="2" type="stmt"/>
      <line num="299" count="2" type="cond" truecount="2" falsecount="0"/>
      <line num="300" count="1" type="stmt"/>
      <line num="302" count="1" type="stmt"/>
      <line num="305" count="0" type="stmt"/>
      <line num="306" count="0" type="stmt"/>
      <line num="317" count="3" type="stmt"/>
      <line num="318" count="3" type="stmt"/>
      <line num="319" count="3" type="stmt"/>
      <line num="321" count="0" type="stmt"/>
      <line num="322" count="0" type="stmt"/>
      <line num="327" count="5" type="stmt"/>
      <line num="328" count="5" type="stmt"/>
      <line num="329" count="5" type="stmt"/>
      <line num="330" count="5" type="stmt"/>
      <line num="331" count="5" type="stmt"/>
      <line num="333" count="0" type="stmt"/>
      <line num="338" count="5" type="stmt"/>
      <line num="339" count="5" type="stmt"/>
      <line num="340" count="5" type="stmt"/>
      <line num="341" count="5" type="cond" truecount="1" falsecount="1"/>
      <line num="342" count="5" type="stmt"/>
      <line num="343" count="15" type="stmt"/>
      <line num="344" count="5" type="cond" truecount="2" falsecount="0"/>
      <line num="345" count="1" type="stmt"/>
      <line num="349" count="0" type="stmt"/>
      <line num="354" count="2" type="stmt"/>
      <line num="355" count="2" type="stmt"/>
      <line num="356" count="2" type="stmt"/>
      <line num="357" count="2" type="cond" truecount="1" falsecount="1"/>
      <line num="358" count="2" type="stmt"/>
      <line num="360" count="0" type="stmt"/>
      <line num="363" count="0" type="stmt"/>
      <line num="368" count="0" type="stmt"/>
      <line num="369" count="0" type="stmt"/>
      <line num="370" count="0" type="cond" truecount="0" falsecount="2"/>
      <line num="371" count="0" type="stmt"/>
      <line num="372" count="0" type="stmt"/>
      <line num="373" count="0" type="cond" truecount="0" falsecount="4"/>
      <line num="374" count="0" type="stmt"/>
      <line num="378" count="0" type="stmt"/>
      <line num="388" count="1" type="cond" truecount="2" falsecount="0"/>
    </file>
  </project>
</coverage>
