{"/Users/elberttimothy/Desktop/icac_scoresheet/match_server/src/lib/utilities.ts": {"path":"/Users/elberttimothy/Desktop/icac_scoresheet/match_server/src/lib/utilities.ts","statementMap":{"0":{"start":{"line":8,"column":12},"end":{"line":8,"column":35}},"1":{"start":{"line":9,"column":15},"end":{"line":9,"column":32}},"2":{"start":{"line":11,"column":49},"end":{"line":18,"column":1}},"3":{"start":{"line":20,"column":49},"end":{"line":23,"column":1}},"4":{"start":{"line":25,"column":59},"end":{"line":28,"column":1}},"5":{"start":{"line":30,"column":56},"end":{"line":43,"column":1}},"6":{"start":{"line":46,"column":18},"end":{"line":46,"column":36}},"7":{"start":{"line":47,"column":4},"end":{"line":47,"column":29}},"8":{"start":{"line":51,"column":21},"end":{"line":51,"column":47}},"9":{"start":{"line":52,"column":4},"end":{"line":52,"column":65}},"10":{"start":{"line":56,"column":24},"end":{"line":56,"column":59}},"11":{"start":{"line":57,"column":4},"end":{"line":58,"column":20}},"12":{"start":{"line":57,"column":30},"end":{"line":57,"column":72}},"13":{"start":{"line":58,"column":9},"end":{"line":58,"column":20}},"14":{"start":{"line":62,"column":27},"end":{"line":62,"column":61}},"15":{"start":{"line":63,"column":4},"end":{"line":63,"column":44}},"16":{"start":{"line":64,"column":4},"end":{"line":64,"column":56}},"17":{"start":{"line":68,"column":31},"end":{"line":68,"column":56}},"18":{"start":{"line":72,"column":30},"end":{"line":72,"column":72}},"19":{"start":{"line":73,"column":4},"end":{"line":73,"column":35}},"20":{"start":{"line":77,"column":17},"end":{"line":77,"column":33}},"21":{"start":{"line":78,"column":4},"end":{"line":78,"column":55}},"22":{"start":{"line":82,"column":4},"end":{"line":82,"column":91}},"23":{"start":{"line":82,"column":41},"end":{"line":82,"column":91}},"24":{"start":{"line":83,"column":25},"end":{"line":83,"column":80}},"25":{"start":{"line":84,"column":4},"end":{"line":84,"column":44}},"26":{"start":{"line":94,"column":19},"end":{"line":94,"column":36}},"27":{"start":{"line":95,"column":22},"end":{"line":95,"column":78}},"28":{"start":{"line":96,"column":4},"end":{"line":96,"column":20}},"29":{"start":{"line":103,"column":4},"end":{"line":105,"column":5}},"30":{"start":{"line":104,"column":8},"end":{"line":104,"column":54}},"31":{"start":{"line":106,"column":4},"end":{"line":106,"column":50}},"32":{"start":{"line":110,"column":4},"end":{"line":112,"column":6}},"33":{"start":{"line":111,"column":8},"end":{"line":111,"column":61}},"34":{"start":{"line":111,"column":44},"end":{"line":111,"column":60}}},"fnMap":{"0":{"name":"isValidAlphanumeric","decl":{"start":{"line":45,"column":16},"end":{"line":45,"column":35}},"loc":{"start":{"line":45,"column":61},"end":{"line":48,"column":1}},"line":45},"1":{"name":"getUserId","decl":{"start":{"line":50,"column":22},"end":{"line":50,"column":31}},"loc":{"start":{"line":50,"column":74},"end":{"line":53,"column":1}},"line":50},"2":{"name":"getRedisMatch","decl":{"start":{"line":55,"column":22},"end":{"line":55,"column":35}},"loc":{"start":{"line":55,"column":53},"end":{"line":59,"column":1}},"line":55},"3":{"name":"setRedisMatchReservation","decl":{"start":{"line":61,"column":22},"end":{"line":61,"column":46}},"loc":{"start":{"line":61,"column":100},"end":{"line":65,"column":1}},"line":61},"4":{"name":"getRedisMatchReservations","decl":{"start":{"line":67,"column":22},"end":{"line":67,"column":47}},"loc":{"start":{"line":67,"column":82},"end":{"line":74,"column":1}},"line":67},"5":{"name":"isValidDateString","decl":{"start":{"line":76,"column":16},"end":{"line":76,"column":33}},"loc":{"start":{"line":76,"column":60},"end":{"line":79,"column":1}},"line":76},"6":{"name":"decodeJWT","decl":{"start":{"line":81,"column":16},"end":{"line":81,"column":25}},"loc":{"start":{"line":81,"column":47},"end":{"line":85,"column":1}},"line":81},"7":{"name":"createMatchSessionId","decl":{"start":{"line":93,"column":16},"end":{"line":93,"column":36}},"loc":{"start":{"line":93,"column":72},"end":{"line":97,"column":1}},"line":93},"8":{"name":"getMatchSessionExpiry","decl":{"start":{"line":102,"column":16},"end":{"line":102,"column":37}},"loc":{"start":{"line":102,"column":41},"end":{"line":107,"column":1}},"line":102},"9":{"name":"waitForEvent","decl":{"start":{"line":109,"column":16},"end":{"line":109,"column":28}},"loc":{"start":{"line":109,"column":73},"end":{"line":113,"column":1}},"line":109},"10":{"name":"(anonymous_10)","decl":{"start":{"line":110,"column":23},"end":{"line":110,"column":24}},"loc":{"start":{"line":110,"column":44},"end":{"line":112,"column":5}},"line":110},"11":{"name":"(anonymous_11)","decl":{"start":{"line":111,"column":33},"end":{"line":111,"column":34}},"loc":{"start":{"line":111,"column":44},"end":{"line":111,"column":60}},"line":111}},"branchMap":{"0":{"loc":{"start":{"line":52,"column":11},"end":{"line":52,"column":65}},"type":"binary-expr","locations":[{"start":{"line":52,"column":11},"end":{"line":52,"column":56}},{"start":{"line":52,"column":60},"end":{"line":52,"column":65}}],"line":52},"1":{"loc":{"start":{"line":57,"column":4},"end":{"line":58,"column":20}},"type":"if","locations":[{"start":{"line":57,"column":4},"end":{"line":58,"column":20}},{"start":{"line":58,"column":9},"end":{"line":58,"column":20}}],"line":57},"2":{"loc":{"start":{"line":78,"column":11},"end":{"line":78,"column":54}},"type":"binary-expr","locations":[{"start":{"line":78,"column":11},"end":{"line":78,"column":31}},{"start":{"line":78,"column":35},"end":{"line":78,"column":54}}],"line":78},"3":{"loc":{"start":{"line":82,"column":4},"end":{"line":82,"column":91}},"type":"if","locations":[{"start":{"line":82,"column":4},"end":{"line":82,"column":91}},{"start":{},"end":{}}],"line":82},"4":{"loc":{"start":{"line":103,"column":4},"end":{"line":105,"column":5}},"type":"if","locations":[{"start":{"line":103,"column":4},"end":{"line":105,"column":5}},{"start":{},"end":{}}],"line":103}},"s":{"0":1,"1":1,"2":1,"3":1,"4":1,"5":1,"6":0,"7":0,"8":0,"9":0,"10":0,"11":0,"12":0,"13":0,"14":0,"15":0,"16":0,"17":0,"18":0,"19":0,"20":0,"21":0,"22":0,"23":0,"24":0,"25":0,"26":0,"27":0,"28":0,"29":0,"30":0,"31":0,"32":4,"33":4,"34":4},"f":{"0":0,"1":0,"2":0,"3":0,"4":0,"5":0,"6":0,"7":0,"8":0,"9":4,"10":4,"11":4},"b":{"0":[0,0],"1":[0,0],"2":[0,0],"3":[0,0],"4":[0,0]},"_coverageSchema":"1a1c01bbd47fc00a2c39e90264f33305004495a9","hash":"7f26fcf8228175b0416c1c9ff13821ced9f305ad"}
,"/Users/elberttimothy/Desktop/icac_scoresheet/match_server/src/lib/classes/Match.ts": {"path":"/Users/elberttimothy/Desktop/icac_scoresheet/match_server/src/lib/classes/Match.ts","statementMap":{"0":{"start":{"line":36,"column":8},"end":{"line":36,"column":46}},"1":{"start":{"line":39,"column":8},"end":{"line":39,"column":45}},"2":{"start":{"line":44,"column":8},"end":{"line":44,"column":16}},"3":{"start":{"line":45,"column":8},"end":{"line":45,"column":21}},"4":{"start":{"line":46,"column":8},"end":{"line":46,"column":39}},"5":{"start":{"line":48,"column":8},"end":{"line":51,"column":9}},"6":{"start":{"line":49,"column":12},"end":{"line":49,"column":40}},"7":{"start":{"line":50,"column":12},"end":{"line":50,"column":41}},"8":{"start":{"line":54,"column":8},"end":{"line":58,"column":9}},"9":{"start":{"line":55,"column":12},"end":{"line":57,"column":13}},"10":{"start":{"line":56,"column":16},"end":{"line":56,"column":78}},"11":{"start":{"line":63,"column":22},"end":{"line":63,"column":89}},"12":{"start":{"line":65,"column":8},"end":{"line":74,"column":9}},"13":{"start":{"line":66,"column":12},"end":{"line":66,"column":24}},"14":{"start":{"line":69,"column":12},"end":{"line":69,"column":64}},"15":{"start":{"line":70,"column":12},"end":{"line":70,"column":58}},"16":{"start":{"line":71,"column":12},"end":{"line":71,"column":68}},"17":{"start":{"line":72,"column":12},"end":{"line":72,"column":52}},"18":{"start":{"line":73,"column":12},"end":{"line":73,"column":49}},"19":{"start":{"line":79,"column":31},"end":{"line":79,"column":61}},"20":{"start":{"line":80,"column":35},"end":{"line":89,"column":10}},"21":{"start":{"line":81,"column":32},"end":{"line":81,"column":53}},"22":{"start":{"line":82,"column":12},"end":{"line":88,"column":13}},"23":{"start":{"line":90,"column":8},"end":{"line":90,"column":60}},"24":{"start":{"line":103,"column":8},"end":{"line":103,"column":49}},"25":{"start":{"line":104,"column":8},"end":{"line":104,"column":39}},"26":{"start":{"line":111,"column":8},"end":{"line":115,"column":9}},"27":{"start":{"line":112,"column":12},"end":{"line":112,"column":39}},"28":{"start":{"line":113,"column":15},"end":{"line":115,"column":9}},"29":{"start":{"line":114,"column":12},"end":{"line":114,"column":39}},"30":{"start":{"line":122,"column":8},"end":{"line":129,"column":9}},"31":{"start":{"line":123,"column":35},"end":{"line":123,"column":65}},"32":{"start":{"line":124,"column":43},"end":{"line":124,"column":106}},"33":{"start":{"line":124,"column":78},"end":{"line":124,"column":105}},"34":{"start":{"line":126,"column":12},"end":{"line":128,"column":13}},"35":{"start":{"line":126,"column":56},"end":{"line":126,"column":61}},"36":{"start":{"line":127,"column":16},"end":{"line":127,"column":45}},"37":{"start":{"line":137,"column":8},"end":{"line":137,"column":57}},"38":{"start":{"line":146,"column":8},"end":{"line":154,"column":9}},"39":{"start":{"line":147,"column":30},"end":{"line":147,"column":62}},"40":{"start":{"line":148,"column":12},"end":{"line":148,"column":31}},"41":{"start":{"line":149,"column":12},"end":{"line":149,"column":63}},"42":{"start":{"line":150,"column":12},"end":{"line":150,"column":23}},"43":{"start":{"line":152,"column":32},"end":{"line":152,"column":87}},"44":{"start":{"line":153,"column":12},"end":{"line":153,"column":24}},"45":{"start":{"line":163,"column":8},"end":{"line":170,"column":9}},"46":{"start":{"line":164,"column":36},"end":{"line":164,"column":86}},"47":{"start":{"line":165,"column":12},"end":{"line":165,"column":48}},"48":{"start":{"line":166,"column":12},"end":{"line":166,"column":23}},"49":{"start":{"line":168,"column":32},"end":{"line":168,"column":87}},"50":{"start":{"line":169,"column":12},"end":{"line":169,"column":24}},"51":{"start":{"line":191,"column":72},"end":{"line":199,"column":9}},"52":{"start":{"line":201,"column":8},"end":{"line":220,"column":9}},"53":{"start":{"line":202,"column":12},"end":{"line":202,"column":25}},"54":{"start":{"line":203,"column":15},"end":{"line":220,"column":9}},"55":{"start":{"line":204,"column":25},"end":{"line":204,"column":47}},"56":{"start":{"line":205,"column":12},"end":{"line":205,"column":39}},"57":{"start":{"line":207,"column":12},"end":{"line":214,"column":13}},"58":{"start":{"line":208,"column":16},"end":{"line":208,"column":81}},"59":{"start":{"line":209,"column":16},"end":{"line":209,"column":43}},"60":{"start":{"line":210,"column":16},"end":{"line":210,"column":38}},"61":{"start":{"line":211,"column":16},"end":{"line":211,"column":28}},"62":{"start":{"line":213,"column":16},"end":{"line":213,"column":29}},"63":{"start":{"line":216,"column":12},"end":{"line":216,"column":77}},"64":{"start":{"line":217,"column":12},"end":{"line":217,"column":39}},"65":{"start":{"line":218,"column":12},"end":{"line":218,"column":34}},"66":{"start":{"line":219,"column":12},"end":{"line":219,"column":24}},"67":{"start":{"line":228,"column":8},"end":{"line":235,"column":9}},"68":{"start":{"line":229,"column":12},"end":{"line":229,"column":45}},"69":{"start":{"line":230,"column":12},"end":{"line":230,"column":39}},"70":{"start":{"line":231,"column":12},"end":{"line":231,"column":34}},"71":{"start":{"line":232,"column":12},"end":{"line":232,"column":24}},"72":{"start":{"line":234,"column":12},"end":{"line":234,"column":25}},"73":{"start":{"line":244,"column":8},"end":{"line":251,"column":9}},"74":{"start":{"line":245,"column":12},"end":{"line":245,"column":51}},"75":{"start":{"line":246,"column":12},"end":{"line":246,"column":45}},"76":{"start":{"line":247,"column":12},"end":{"line":247,"column":34}},"77":{"start":{"line":248,"column":12},"end":{"line":248,"column":42}},"78":{"start":{"line":250,"column":12},"end":{"line":250,"column":24}},"79":{"start":{"line":260,"column":8},"end":{"line":266,"column":9}},"80":{"start":{"line":261,"column":12},"end":{"line":261,"column":52}},"81":{"start":{"line":262,"column":12},"end":{"line":262,"column":34}},"82":{"start":{"line":263,"column":12},"end":{"line":263,"column":42}},"83":{"start":{"line":265,"column":12},"end":{"line":265,"column":24}},"84":{"start":{"line":274,"column":8},"end":{"line":274,"column":61}},"85":{"start":{"line":282,"column":8},"end":{"line":282,"column":53}},"86":{"start":{"line":291,"column":85},"end":{"line":291,"column":37779}},"87":{"start":{"line":291,"column":89},"end":{"line":291,"column":37768}},"88":{"start":{"line":291,"column":37894},"end":{"line":291,"column":37900}},"89":{"start":{"line":291,"column":38015},"end":{"line":291,"column":38021}},"90":{"start":{"line":291,"column":38103},"end":{"line":291,"column":38109}},"91":{"start":{"line":291,"column":38194},"end":{"line":291,"column":38200}}},"fnMap":{"0":{"name":"(anonymous_0)","decl":{"start":{"line":35,"column":4},"end":{"line":35,"column":5}},"loc":{"start":{"line":35,"column":81},"end":{"line":37,"column":5}},"line":35},"1":{"name":"(anonymous_1)","decl":{"start":{"line":38,"column":4},"end":{"line":38,"column":5}},"loc":{"start":{"line":38,"column":96},"end":{"line":40,"column":5}},"line":38},"2":{"name":"(anonymous_2)","decl":{"start":{"line":43,"column":4},"end":{"line":43,"column":5}},"loc":{"start":{"line":43,"column":56},"end":{"line":59,"column":5}},"line":43},"3":{"name":"(anonymous_3)","decl":{"start":{"line":62,"column":4},"end":{"line":62,"column":5}},"loc":{"start":{"line":62,"column":77},"end":{"line":75,"column":5}},"line":62},"4":{"name":"(anonymous_4)","decl":{"start":{"line":78,"column":4},"end":{"line":78,"column":5}},"loc":{"start":{"line":78,"column":31},"end":{"line":91,"column":5}},"line":78},"5":{"name":"(anonymous_5)","decl":{"start":{"line":80,"column":54},"end":{"line":80,"column":55}},"loc":{"start":{"line":80,"column":60},"end":{"line":89,"column":9}},"line":80},"6":{"name":"(anonymous_6)","decl":{"start":{"line":102,"column":4},"end":{"line":102,"column":5}},"loc":{"start":{"line":102,"column":61},"end":{"line":105,"column":5}},"line":102},"7":{"name":"(anonymous_7)","decl":{"start":{"line":110,"column":4},"end":{"line":110,"column":5}},"loc":{"start":{"line":110,"column":40},"end":{"line":116,"column":5}},"line":110},"8":{"name":"(anonymous_8)","decl":{"start":{"line":121,"column":4},"end":{"line":121,"column":5}},"loc":{"start":{"line":121,"column":46},"end":{"line":130,"column":5}},"line":121},"9":{"name":"(anonymous_9)","decl":{"start":{"line":124,"column":62},"end":{"line":124,"column":63}},"loc":{"start":{"line":124,"column":78},"end":{"line":124,"column":105}},"line":124},"10":{"name":"(anonymous_10)","decl":{"start":{"line":126,"column":45},"end":{"line":126,"column":46}},"loc":{"start":{"line":126,"column":56},"end":{"line":126,"column":61}},"line":126},"11":{"name":"(anonymous_11)","decl":{"start":{"line":136,"column":4},"end":{"line":136,"column":5}},"loc":{"start":{"line":136,"column":65},"end":{"line":138,"column":5}},"line":136},"12":{"name":"(anonymous_12)","decl":{"start":{"line":145,"column":4},"end":{"line":145,"column":5}},"loc":{"start":{"line":145,"column":70},"end":{"line":155,"column":5}},"line":145},"13":{"name":"(anonymous_13)","decl":{"start":{"line":162,"column":4},"end":{"line":162,"column":5}},"loc":{"start":{"line":162,"column":70},"end":{"line":171,"column":5}},"line":162},"14":{"name":"(anonymous_14)","decl":{"start":{"line":190,"column":4},"end":{"line":190,"column":5}},"loc":{"start":{"line":190,"column":106},"end":{"line":221,"column":5}},"line":190},"15":{"name":"(anonymous_15)","decl":{"start":{"line":227,"column":4},"end":{"line":227,"column":5}},"loc":{"start":{"line":227,"column":47},"end":{"line":236,"column":5}},"line":227},"16":{"name":"(anonymous_16)","decl":{"start":{"line":243,"column":4},"end":{"line":243,"column":5}},"loc":{"start":{"line":243,"column":107},"end":{"line":252,"column":5}},"line":243},"17":{"name":"(anonymous_17)","decl":{"start":{"line":259,"column":4},"end":{"line":259,"column":5}},"loc":{"start":{"line":259,"column":109},"end":{"line":267,"column":5}},"line":259},"18":{"name":"(anonymous_18)","decl":{"start":{"line":273,"column":4},"end":{"line":273,"column":5}},"loc":{"start":{"line":273,"column":92},"end":{"line":275,"column":5}},"line":273},"19":{"name":"(anonymous_19)","decl":{"start":{"line":281,"column":4},"end":{"line":281,"column":5}},"loc":{"start":{"line":281,"column":40},"end":{"line":283,"column":5}},"line":281},"20":{"name":"oo_cm","decl":{"start":{"line":291,"column":77},"end":{"line":291,"column":82}},"loc":{"start":{"line":291,"column":84},"end":{"line":291,"column":37780}},"line":291}},"branchMap":{"0":{"loc":{"start":{"line":48,"column":8},"end":{"line":51,"column":9}},"type":"if","locations":[{"start":{"line":48,"column":8},"end":{"line":51,"column":9}},{"start":{},"end":{}}],"line":48},"1":{"loc":{"start":{"line":48,"column":12},"end":{"line":48,"column":65}},"type":"binary-expr","locations":[{"start":{"line":48,"column":12},"end":{"line":48,"column":36}},{"start":{"line":48,"column":40},"end":{"line":48,"column":65}}],"line":48},"2":{"loc":{"start":{"line":54,"column":8},"end":{"line":58,"column":9}},"type":"if","locations":[{"start":{"line":54,"column":8},"end":{"line":58,"column":9}},{"start":{},"end":{}}],"line":54},"3":{"loc":{"start":{"line":65,"column":8},"end":{"line":74,"column":9}},"type":"if","locations":[{"start":{"line":65,"column":8},"end":{"line":74,"column":9}},{"start":{"line":67,"column":15},"end":{"line":74,"column":9}}],"line":65},"4":{"loc":{"start":{"line":111,"column":8},"end":{"line":115,"column":9}},"type":"if","locations":[{"start":{"line":111,"column":8},"end":{"line":115,"column":9}},{"start":{"line":113,"column":15},"end":{"line":115,"column":9}}],"line":111},"5":{"loc":{"start":{"line":113,"column":15},"end":{"line":115,"column":9}},"type":"if","locations":[{"start":{"line":113,"column":15},"end":{"line":115,"column":9}},{"start":{},"end":{}}],"line":113},"6":{"loc":{"start":{"line":122,"column":8},"end":{"line":129,"column":9}},"type":"if","locations":[{"start":{"line":122,"column":8},"end":{"line":129,"column":9}},{"start":{},"end":{}}],"line":122},"7":{"loc":{"start":{"line":126,"column":12},"end":{"line":128,"column":13}},"type":"if","locations":[{"start":{"line":126,"column":12},"end":{"line":128,"column":13}},{"start":{},"end":{}}],"line":126},"8":{"loc":{"start":{"line":201,"column":8},"end":{"line":220,"column":9}},"type":"if","locations":[{"start":{"line":201,"column":8},"end":{"line":220,"column":9}},{"start":{"line":203,"column":15},"end":{"line":220,"column":9}}],"line":201},"9":{"loc":{"start":{"line":201,"column":12},"end":{"line":201,"column":91}},"type":"binary-expr","locations":[{"start":{"line":201,"column":12},"end":{"line":201,"column":62}},{"start":{"line":201,"column":66},"end":{"line":201,"column":91}}],"line":201},"10":{"loc":{"start":{"line":203,"column":15},"end":{"line":220,"column":9}},"type":"if","locations":[{"start":{"line":203,"column":15},"end":{"line":220,"column":9}},{"start":{"line":215,"column":15},"end":{"line":220,"column":9}}],"line":203},"11":{"loc":{"start":{"line":207,"column":12},"end":{"line":214,"column":13}},"type":"if","locations":[{"start":{"line":207,"column":12},"end":{"line":214,"column":13}},{"start":{"line":212,"column":19},"end":{"line":214,"column":13}}],"line":207},"12":{"loc":{"start":{"line":228,"column":8},"end":{"line":235,"column":9}},"type":"if","locations":[{"start":{"line":228,"column":8},"end":{"line":235,"column":9}},{"start":{"line":233,"column":15},"end":{"line":235,"column":9}}],"line":228},"13":{"loc":{"start":{"line":244,"column":8},"end":{"line":251,"column":9}},"type":"if","locations":[{"start":{"line":244,"column":8},"end":{"line":251,"column":9}},{"start":{"line":249,"column":15},"end":{"line":251,"column":9}}],"line":244},"14":{"loc":{"start":{"line":260,"column":8},"end":{"line":266,"column":9}},"type":"if","locations":[{"start":{"line":260,"column":8},"end":{"line":266,"column":9}},{"start":{"line":264,"column":15},"end":{"line":266,"column":9}}],"line":260},"15":{"loc":{"start":{"line":291,"column":96},"end":{"line":291,"column":37767}},"type":"binary-expr","locations":[{"start":{"line":291,"column":96},"end":{"line":291,"column":133}},{"start":{"line":291,"column":137},"end":{"line":291,"column":37767}}],"line":291}},"s":{"0":21,"1":4,"2":5,"3":5,"4":5,"5":5,"6":2,"7":2,"8":5,"9":3,"10":11,"11":6,"12":6,"13":1,"14":5,"15":5,"16":5,"17":5,"18":5,"19":21,"20":21,"21":56,"22":56,"23":21,"24":10,"25":10,"26":9,"27":2,"28":7,"29":7,"30":8,"31":1,"32":1,"33":4,"34":1,"35":4,"36":1,"37":5,"38":2,"39":2,"40":2,"41":2,"42":2,"43":0,"44":0,"45":1,"46":1,"47":1,"48":1,"49":0,"50":0,"51":8,"52":8,"53":1,"54":7,"55":0,"56":0,"57":0,"58":0,"59":0,"60":0,"61":0,"62":0,"63":7,"64":7,"65":7,"66":7,"67":3,"68":2,"69":2,"70":2,"71":2,"72":1,"73":9,"74":8,"75":8,"76":8,"77":8,"78":1,"79":5,"80":4,"81":4,"82":4,"83":1,"84":18,"85":24,"86":0,"87":0,"88":1,"89":1,"90":1,"91":1},"f":{"0":21,"1":4,"2":5,"3":6,"4":21,"5":56,"6":10,"7":9,"8":8,"9":4,"10":4,"11":5,"12":2,"13":1,"14":8,"15":3,"16":9,"17":5,"18":18,"19":24,"20":0},"b":{"0":[2,3],"1":[5,3],"2":[3,2],"3":[1,5],"4":[2,7],"5":[7,0],"6":[1,7],"7":[1,0],"8":[1,7],"9":[8,7],"10":[0,7],"11":[0,0],"12":[2,1],"13":[8,1],"14":[4,1],"15":[0,0]},"_coverageSchema":"1a1c01bbd47fc00a2c39e90264f33305004495a9","hash":"682e52111e33c7e281af8b233cdfd7272cbeaf5a"}
,"/Users/elberttimothy/Desktop/icac_scoresheet/match_server/src/lib/classes/MatchParticipant.ts": {"path":"/Users/elberttimothy/Desktop/icac_scoresheet/match_server/src/lib/classes/MatchParticipant.ts","statementMap":{"0":{"start":{"line":17,"column":8},"end":{"line":17,"column":40}}},"fnMap":{"0":{"name":"(anonymous_0)","decl":{"start":{"line":16,"column":4},"end":{"line":16,"column":5}},"loc":{"start":{"line":16,"column":71},"end":{"line":18,"column":5}},"line":16}},"branchMap":{},"s":{"0":18},"f":{"0":18},"b":{},"_coverageSchema":"1a1c01bbd47fc00a2c39e90264f33305004495a9","hash":"d44778547df00ac8163600e3656fe03dab7c4e13"}
,"/Users/elberttimothy/Desktop/icac_scoresheet/match_server/src/lib/redis/redisClient.ts": {"path":"/Users/elberttimothy/Desktop/icac_scoresheet/match_server/src/lib/redis/redisClient.ts","statementMap":{"0":{"start":{"line":8,"column":0},"end":{"line":15,"column":1}},"1":{"start":{"line":9,"column":4},"end":{"line":11,"column":6}},"2":{"start":{"line":14,"column":4},"end":{"line":14,"column":46}},"3":{"start":{"line":17,"column":20},"end":{"line":17,"column":42}}},"fnMap":{},"branchMap":{"0":{"loc":{"start":{"line":8,"column":0},"end":{"line":15,"column":1}},"type":"if","locations":[{"start":{"line":8,"column":0},"end":{"line":15,"column":1}},{"start":{"line":13,"column":7},"end":{"line":15,"column":1}}],"line":8},"1":{"loc":{"start":{"line":9,"column":25},"end":{"line":11,"column":6}},"type":"binary-expr","locations":[{"start":{"line":9,"column":25},"end":{"line":9,"column":47}},{"start":{"line":9,"column":51},"end":{"line":11,"column":6}}],"line":9}},"s":{"0":1,"1":1,"2":0,"3":1},"f":{},"b":{"0":[1,0],"1":[1,1]},"_coverageSchema":"1a1c01bbd47fc00a2c39e90264f33305004495a9","hash":"7359cee0cfe886a27e3894eb3c829b126daf5438"}
,"/Users/elberttimothy/Desktop/icac_scoresheet/match_server/src/lib/supabase/useSupabaseClient.ts": {"path":"/Users/elberttimothy/Desktop/icac_scoresheet/match_server/src/lib/supabase/useSupabaseClient.ts","statementMap":{"0":{"start":{"line":5,"column":15},"end":{"line":5,"column":32}},"1":{"start":{"line":9,"column":4},"end":{"line":19,"column":5}},"2":{"start":{"line":10,"column":8},"end":{"line":18,"column":11}},"3":{"start":{"line":13,"column":38},"end":{"line":13,"column":78}},"4":{"start":{"line":14,"column":39},"end":{"line":14,"column":59}},"5":{"start":{"line":15,"column":20},"end":{"line":15,"column":58}},"6":{"start":{"line":21,"column":4},"end":{"line":21,"column":94}}},"fnMap":{"0":{"name":"useSupabaseClient","decl":{"start":{"line":7,"column":24},"end":{"line":7,"column":41}},"loc":{"start":{"line":7,"column":69},"end":{"line":22,"column":1}},"line":7},"1":{"name":"(anonymous_1)","decl":{"start":{"line":12,"column":21},"end":{"line":12,"column":22}},"loc":{"start":{"line":12,"column":30},"end":{"line":16,"column":17}},"line":12}},"branchMap":{"0":{"loc":{"start":{"line":9,"column":4},"end":{"line":19,"column":5}},"type":"if","locations":[{"start":{"line":9,"column":4},"end":{"line":19,"column":5}},{"start":{},"end":{}}],"line":9},"1":{"loc":{"start":{"line":9,"column":8},"end":{"line":9,"column":65}},"type":"binary-expr","locations":[{"start":{"line":9,"column":8},"end":{"line":9,"column":32}},{"start":{"line":9,"column":36},"end":{"line":9,"column":65}}],"line":9},"2":{"loc":{"start":{"line":14,"column":39},"end":{"line":14,"column":59}},"type":"binary-expr","locations":[{"start":{"line":14,"column":39},"end":{"line":14,"column":53}},{"start":{"line":14,"column":57},"end":{"line":14,"column":59}}],"line":14}},"s":{"0":1,"1":0,"2":0,"3":0,"4":0,"5":0,"6":0},"f":{"0":0,"1":0},"b":{"0":[0,0],"1":[0,0],"2":[0,0]},"_coverageSchema":"1a1c01bbd47fc00a2c39e90264f33305004495a9","hash":"873425c780f58f85ce87461771e0db5c1db80188"}
}
