{"/Users/elberttimothy/Desktop/icac_scoresheet/match_server/src/lib/classes/Match.ts": {"path":"/Users/elberttimothy/Desktop/icac_scoresheet/match_server/src/lib/classes/Match.ts","statementMap":{"0":{"start":{"line":14,"column":8},"end":{"line":14,"column":39}},"1":{"start":{"line":15,"column":8},"end":{"line":15,"column":31}},"2":{"start":{"line":16,"column":8},"end":{"line":16,"column":35}},"3":{"start":{"line":17,"column":8},"end":{"line":17,"column":28}},"4":{"start":{"line":24,"column":30},"end":{"line":24,"column":73}},"5":{"start":{"line":25,"column":8},"end":{"line":31,"column":9}},"6":{"start":{"line":26,"column":30},"end":{"line":26,"column":63}},"7":{"start":{"line":27,"column":28},"end":{"line":27,"column":50}},"8":{"start":{"line":28,"column":12},"end":{"line":28,"column":69}},"9":{"start":{"line":30,"column":12},"end":{"line":30,"column":23}},"10":{"start":{"line":36,"column":26},"end":{"line":36,"column":59}},"11":{"start":{"line":37,"column":8},"end":{"line":37,"column":85}},"12":{"start":{"line":41,"column":8},"end":{"line":85,"column":9}},"13":{"start":{"line":42,"column":30},"end":{"line":42,"column":79}},"14":{"start":{"line":43,"column":28},"end":{"line":43,"column":51}},"15":{"start":{"line":45,"column":32},"end":{"line":45,"column":67}},"16":{"start":{"line":46,"column":12},"end":{"line":48,"column":13}},"17":{"start":{"line":47,"column":16},"end":{"line":47,"column":55}},"18":{"start":{"line":50,"column":34},"end":{"line":50,"column":71}},"19":{"start":{"line":51,"column":12},"end":{"line":53,"column":13}},"20":{"start":{"line":52,"column":16},"end":{"line":52,"column":57}},"21":{"start":{"line":55,"column":36},"end":{"line":57,"column":24}},"22":{"start":{"line":58,"column":33},"end":{"line":58,"column":120}},"23":{"start":{"line":60,"column":12},"end":{"line":62,"column":13}},"24":{"start":{"line":61,"column":16},"end":{"line":61,"column":48}},"25":{"start":{"line":65,"column":12},"end":{"line":71,"column":13}},"26":{"start":{"line":66,"column":40},"end":{"line":66,"column":68}},"27":{"start":{"line":67,"column":46},"end":{"line":67,"column":82}},"28":{"start":{"line":68,"column":16},"end":{"line":68,"column":108}},"29":{"start":{"line":70,"column":16},"end":{"line":70,"column":98}},"30":{"start":{"line":74,"column":12},"end":{"line":74,"column":73}},"31":{"start":{"line":75,"column":12},"end":{"line":75,"column":94}},"32":{"start":{"line":78,"column":12},"end":{"line":80,"column":13}},"33":{"start":{"line":79,"column":16},"end":{"line":79,"column":66}},"34":{"start":{"line":82,"column":12},"end":{"line":82,"column":28}},"35":{"start":{"line":84,"column":12},"end":{"line":84,"column":74}},"36":{"start":{"line":89,"column":26},"end":{"line":89,"column":59}},"37":{"start":{"line":90,"column":24},"end":{"line":90,"column":86}},"38":{"start":{"line":93,"column":34},"end":{"line":93,"column":121}},"39":{"start":{"line":94,"column":37},"end":{"line":94,"column":107}},"40":{"start":{"line":94,"column":79},"end":{"line":94,"column":106}},"41":{"start":{"line":96,"column":8},"end":{"line":101,"column":35}},"42":{"start":{"line":104,"column":8},"end":{"line":104,"column":58}},"43":{"start":{"line":109,"column":8},"end":{"line":109,"column":81}},"44":{"start":{"line":110,"column":8},"end":{"line":110,"column":86}},"45":{"start":{"line":114,"column":8},"end":{"line":114,"column":75}},"46":{"start":{"line":118,"column":29},"end":{"line":118,"column":123}},"47":{"start":{"line":120,"column":8},"end":{"line":125,"column":9}},"48":{"start":{"line":121,"column":12},"end":{"line":124,"column":13}},"49":{"start":{"line":122,"column":16},"end":{"line":122,"column":68}},"50":{"start":{"line":123,"column":16},"end":{"line":123,"column":53}},"51":{"start":{"line":126,"column":8},"end":{"line":126,"column":61}},"52":{"start":{"line":127,"column":8},"end":{"line":127,"column":43}},"53":{"start":{"line":132,"column":29},"end":{"line":132,"column":116}},"54":{"start":{"line":133,"column":8},"end":{"line":133,"column":34}},"55":{"start":{"line":137,"column":36},"end":{"line":137,"column":123}},"56":{"start":{"line":138,"column":8},"end":{"line":138,"column":96}},"57":{"start":{"line":142,"column":22},"end":{"line":144,"column":26}},"58":{"start":{"line":145,"column":8},"end":{"line":148,"column":9}},"59":{"start":{"line":153,"column":28},"end":{"line":153,"column":65}},"60":{"start":{"line":154,"column":8},"end":{"line":170,"column":9}},"61":{"start":{"line":155,"column":12},"end":{"line":167,"column":13}},"62":{"start":{"line":156,"column":16},"end":{"line":156,"column":55}},"63":{"start":{"line":158,"column":32},"end":{"line":158,"column":94}},"64":{"start":{"line":161,"column":42},"end":{"line":161,"column":129}},"65":{"start":{"line":162,"column":45},"end":{"line":162,"column":115}},"66":{"start":{"line":162,"column":87},"end":{"line":162,"column":114}},"67":{"start":{"line":163,"column":16},"end":{"line":163,"column":107}},"68":{"start":{"line":166,"column":16},"end":{"line":166,"column":68}},"69":{"start":{"line":169,"column":12},"end":{"line":169,"column":77}},"70":{"start":{"line":175,"column":29},"end":{"line":177,"column":10}},"71":{"start":{"line":179,"column":8},"end":{"line":184,"column":9}},"72":{"start":{"line":180,"column":12},"end":{"line":183,"column":19}},"73":{"start":{"line":188,"column":8},"end":{"line":188,"column":40}},"74":{"start":{"line":193,"column":8},"end":{"line":193,"column":72}},"75":{"start":{"line":197,"column":8},"end":{"line":197,"column":68}},"76":{"start":{"line":201,"column":8},"end":{"line":201,"column":77}},"77":{"start":{"line":205,"column":8},"end":{"line":205,"column":74}},"78":{"start":{"line":209,"column":8},"end":{"line":209,"column":67}},"79":{"start":{"line":213,"column":8},"end":{"line":213,"column":64}},"80":{"start":{"line":214,"column":8},"end":{"line":219,"column":10}},"81":{"start":{"line":223,"column":8},"end":{"line":223,"column":72}},"82":{"start":{"line":224,"column":27},"end":{"line":224,"column":48}},"83":{"start":{"line":225,"column":8},"end":{"line":230,"column":9}},"84":{"start":{"line":226,"column":33},"end":{"line":226,"column":61}},"85":{"start":{"line":227,"column":12},"end":{"line":229,"column":13}},"86":{"start":{"line":227,"column":50},"end":{"line":227,"column":67}},"87":{"start":{"line":228,"column":16},"end":{"line":228,"column":45}},"88":{"start":{"line":234,"column":8},"end":{"line":234,"column":73}},"89":{"start":{"line":239,"column":8},"end":{"line":239,"column":71}}},"fnMap":{"0":{"name":"(anonymous_0)","decl":{"start":{"line":13,"column":4},"end":{"line":13,"column":5}},"loc":{"start":{"line":13,"column":99},"end":{"line":18,"column":5}},"line":13},"1":{"name":"(anonymous_1)","decl":{"start":{"line":23,"column":4},"end":{"line":23,"column":5}},"loc":{"start":{"line":23,"column":81},"end":{"line":32,"column":5}},"line":23},"2":{"name":"(anonymous_2)","decl":{"start":{"line":35,"column":4},"end":{"line":35,"column":5}},"loc":{"start":{"line":35,"column":74},"end":{"line":38,"column":5}},"line":35},"3":{"name":"(anonymous_3)","decl":{"start":{"line":40,"column":4},"end":{"line":40,"column":5}},"loc":{"start":{"line":40,"column":88},"end":{"line":86,"column":5}},"line":40},"4":{"name":"(anonymous_4)","decl":{"start":{"line":88,"column":4},"end":{"line":88,"column":5}},"loc":{"start":{"line":88,"column":78},"end":{"line":105,"column":5}},"line":88},"5":{"name":"(anonymous_5)","decl":{"start":{"line":94,"column":62},"end":{"line":94,"column":63}},"loc":{"start":{"line":94,"column":79},"end":{"line":94,"column":106}},"line":94},"6":{"name":"(anonymous_6)","decl":{"start":{"line":108,"column":4},"end":{"line":108,"column":5}},"loc":{"start":{"line":108,"column":108},"end":{"line":111,"column":5}},"line":108},"7":{"name":"(anonymous_7)","decl":{"start":{"line":113,"column":4},"end":{"line":113,"column":5}},"loc":{"start":{"line":113,"column":79},"end":{"line":115,"column":5}},"line":113},"8":{"name":"(anonymous_8)","decl":{"start":{"line":117,"column":4},"end":{"line":117,"column":5}},"loc":{"start":{"line":117,"column":82},"end":{"line":128,"column":5}},"line":117},"9":{"name":"(anonymous_9)","decl":{"start":{"line":131,"column":4},"end":{"line":131,"column":5}},"loc":{"start":{"line":131,"column":84},"end":{"line":134,"column":5}},"line":131},"10":{"name":"(anonymous_10)","decl":{"start":{"line":136,"column":4},"end":{"line":136,"column":5}},"loc":{"start":{"line":136,"column":81},"end":{"line":139,"column":5}},"line":136},"11":{"name":"(anonymous_11)","decl":{"start":{"line":141,"column":4},"end":{"line":141,"column":5}},"loc":{"start":{"line":141,"column":74},"end":{"line":149,"column":5}},"line":141},"12":{"name":"(anonymous_12)","decl":{"start":{"line":152,"column":4},"end":{"line":152,"column":5}},"loc":{"start":{"line":152,"column":86},"end":{"line":171,"column":5}},"line":152},"13":{"name":"(anonymous_13)","decl":{"start":{"line":162,"column":70},"end":{"line":162,"column":71}},"loc":{"start":{"line":162,"column":87},"end":{"line":162,"column":114}},"line":162},"14":{"name":"(anonymous_14)","decl":{"start":{"line":174,"column":4},"end":{"line":174,"column":5}},"loc":{"start":{"line":174,"column":105},"end":{"line":185,"column":5}},"line":174},"15":{"name":"(anonymous_15)","decl":{"start":{"line":187,"column":4},"end":{"line":187,"column":5}},"loc":{"start":{"line":187,"column":55},"end":{"line":189,"column":5}},"line":187},"16":{"name":"(anonymous_16)","decl":{"start":{"line":192,"column":4},"end":{"line":192,"column":5}},"loc":{"start":{"line":192,"column":34},"end":{"line":194,"column":5}},"line":192},"17":{"name":"(anonymous_17)","decl":{"start":{"line":196,"column":4},"end":{"line":196,"column":5}},"loc":{"start":{"line":196,"column":31},"end":{"line":198,"column":5}},"line":196},"18":{"name":"(anonymous_18)","decl":{"start":{"line":200,"column":4},"end":{"line":200,"column":5}},"loc":{"start":{"line":200,"column":39},"end":{"line":202,"column":5}},"line":200},"19":{"name":"(anonymous_19)","decl":{"start":{"line":204,"column":4},"end":{"line":204,"column":5}},"loc":{"start":{"line":204,"column":36},"end":{"line":206,"column":5}},"line":204},"20":{"name":"(anonymous_20)","decl":{"start":{"line":208,"column":4},"end":{"line":208,"column":5}},"loc":{"start":{"line":208,"column":29},"end":{"line":210,"column":5}},"line":208},"21":{"name":"(anonymous_21)","decl":{"start":{"line":212,"column":4},"end":{"line":212,"column":5}},"loc":{"start":{"line":212,"column":31},"end":{"line":220,"column":5}},"line":212},"22":{"name":"(anonymous_22)","decl":{"start":{"line":222,"column":4},"end":{"line":222,"column":5}},"loc":{"start":{"line":222,"column":29},"end":{"line":231,"column":5}},"line":222},"23":{"name":"(anonymous_23)","decl":{"start":{"line":227,"column":35},"end":{"line":227,"column":36}},"loc":{"start":{"line":227,"column":50},"end":{"line":227,"column":67}},"line":227},"24":{"name":"(anonymous_24)","decl":{"start":{"line":233,"column":4},"end":{"line":233,"column":5}},"loc":{"start":{"line":233,"column":31},"end":{"line":235,"column":5}},"line":233},"25":{"name":"(anonymous_25)","decl":{"start":{"line":238,"column":4},"end":{"line":238,"column":5}},"loc":{"start":{"line":238,"column":51},"end":{"line":240,"column":5}},"line":238}},"branchMap":{"0":{"loc":{"start":{"line":25,"column":8},"end":{"line":31,"column":9}},"type":"if","locations":[{"start":{"line":25,"column":8},"end":{"line":31,"column":9}},{"start":{"line":29,"column":15},"end":{"line":31,"column":9}}],"line":25},"1":{"loc":{"start":{"line":46,"column":12},"end":{"line":48,"column":13}},"type":"if","locations":[{"start":{"line":46,"column":12},"end":{"line":48,"column":13}},{"start":{},"end":{}}],"line":46},"2":{"loc":{"start":{"line":51,"column":12},"end":{"line":53,"column":13}},"type":"if","locations":[{"start":{"line":51,"column":12},"end":{"line":53,"column":13}},{"start":{},"end":{}}],"line":51},"3":{"loc":{"start":{"line":60,"column":12},"end":{"line":62,"column":13}},"type":"if","locations":[{"start":{"line":60,"column":12},"end":{"line":62,"column":13}},{"start":{},"end":{}}],"line":60},"4":{"loc":{"start":{"line":65,"column":12},"end":{"line":71,"column":13}},"type":"if","locations":[{"start":{"line":65,"column":12},"end":{"line":71,"column":13}},{"start":{"line":69,"column":19},"end":{"line":71,"column":13}}],"line":65},"5":{"loc":{"start":{"line":78,"column":12},"end":{"line":80,"column":13}},"type":"if","locations":[{"start":{"line":78,"column":12},"end":{"line":80,"column":13}},{"start":{},"end":{}}],"line":78},"6":{"loc":{"start":{"line":120,"column":8},"end":{"line":125,"column":9}},"type":"if","locations":[{"start":{"line":120,"column":8},"end":{"line":125,"column":9}},{"start":{},"end":{}}],"line":120},"7":{"loc":{"start":{"line":155,"column":12},"end":{"line":167,"column":13}},"type":"if","locations":[{"start":{"line":155,"column":12},"end":{"line":167,"column":13}},{"start":{"line":157,"column":19},"end":{"line":167,"column":13}}],"line":155},"8":{"loc":{"start":{"line":179,"column":8},"end":{"line":184,"column":9}},"type":"if","locations":[{"start":{"line":179,"column":8},"end":{"line":184,"column":9}},{"start":{},"end":{}}],"line":179},"9":{"loc":{"start":{"line":225,"column":8},"end":{"line":230,"column":9}},"type":"if","locations":[{"start":{"line":225,"column":8},"end":{"line":230,"column":9}},{"start":{},"end":{}}],"line":225},"10":{"loc":{"start":{"line":227,"column":12},"end":{"line":229,"column":13}},"type":"if","locations":[{"start":{"line":227,"column":12},"end":{"line":229,"column":13}},{"start":{},"end":{}}],"line":227}},"s":{"0":5,"1":5,"2":5,"3":5,"4":6,"5":6,"6":5,"7":5,"8":5,"9":1,"10":10,"11":10,"12":19,"13":19,"14":19,"15":19,"16":19,"17":1,"18":18,"19":18,"20":1,"21":17,"22":17,"23":17,"24":1,"25":16,"26":16,"27":16,"28":16,"29":0,"30":16,"31":16,"32":16,"33":4,"34":16,"35":3,"36":3,"37":3,"38":3,"39":3,"40":10,"41":3,"42":3,"43":5,"44":5,"45":2,"46":6,"47":6,"48":5,"49":12,"50":12,"51":6,"52":6,"53":3,"54":3,"55":6,"56":6,"57":13,"58":13,"59":2,"60":2,"61":2,"62":1,"63":1,"64":1,"65":1,"66":2,"67":1,"68":1,"69":1,"70":8,"71":8,"72":7,"73":37,"74":1,"75":1,"76":1,"77":5,"78":10,"79":1,"80":1,"81":7,"82":7,"83":7,"84":4,"85":4,"86":10,"87":1,"88":3,"89":1},"f":{"0":5,"1":6,"2":10,"3":19,"4":3,"5":10,"6":5,"7":2,"8":6,"9":3,"10":6,"11":13,"12":2,"13":2,"14":8,"15":37,"16":1,"17":1,"18":1,"19":5,"20":10,"21":1,"22":7,"23":10,"24":3,"25":1},"b":{"0":[5,1],"1":[1,18],"2":[1,17],"3":[1,16],"4":[16,0],"5":[4,12],"6":[5,1],"7":[1,1],"8":[7,1],"9":[4,3],"10":[1,3]},"_coverageSchema":"1a1c01bbd47fc00a2c39e90264f33305004495a9","hash":"87dbf45bdc54861e42aab30236772ff0ba8cc239"}
}
