TN:
SF:src/lib/classes/Match.ts
FN:12,Match
FN:22,initMatchForUser
FN:34,getSession
FN:39,setSession
FN:87,deleteSession
FN:107,createRedisMatch
FN:112,getRedisMatch
FN:116,deleteRedisMatch
FN:130,getNumParticipants
FN:135,getParticipants
FN:143,getState
FN:154,getMatchReport
FN:222,syncExpiredSession
FN:244,setState
FN:257,createUserSessionId
FN:261,calculateArrowTotal
FN:268,getEndArrows
FN:275,getRedisMatch
FN:279,getSession
FN:283,getNumParticipants
FN:287,getParticipants
FN:291,getParticipantSessionIds
FN:295,getState
FN:299,leaveMatch
FN:309,setReady
FN:329,setUnready
FN:339,setConnect
FN:350,setDisconnect
FN:361,getEndSubmissionForm
FN:396,submitEndArrows
FN:456,getScores
FN:462,getEndTotals
FN:497,confirmEnd
FN:552,rejectEnd
FN:588,getMatchReport
FN:601,setState
FN:605,setupSubmissionMap
FN:622,nextEnd
FN:626,resetEnd
FNF:39
FNH:38
FNDA:69,Match
FNDA:70,initMatchForUser
FNDA:78,getSession
FNDA:83,setSession
FNDA:3,deleteSession
FNDA:21,createRedisMatch
FNDA:11,getRedisMatch
FNDA:22,deleteRedisMatch
FNDA:3,getNumParticipants
FNDA:241,getParticipants
FNDA:372,getState
FNDA:2,getMatchReport
FNDA:2,syncExpiredSession
FNDA:90,setState
FNDA:301,createUserSessionId
FNDA:49,calculateArrowTotal
FNDA:36,getEndArrows
FNDA:6,getRedisMatch
FNDA:5,getSession
FNDA:1,getNumParticipants
FNDA:238,getParticipants
FNDA:0,getParticipantSessionIds
FNDA:363,getState
FNDA:1,leaveMatch
FNDA:71,setReady
FNDA:3,setUnready
FNDA:2,setConnect
FNDA:2,setDisconnect
FNDA:2,getEndSubmissionForm
FNDA:108,submitEndArrows
FNDA:2,getScores
FNDA:6,getEndTotals
FNDA:78,confirmEnd
FNDA:6,rejectEnd
FNDA:4,getMatchReport
FNDA:67,setState
FNDA:17,setupSubmissionMap
FNDA:17,nextEnd
FNDA:3,resetEnd
DA:1,1
DA:2,1
DA:3,1
DA:4,1
DA:5,1
DA:6,1
DA:7,1
DA:8,1
DA:9,1
DA:10,1
DA:11,1
DA:12,1
DA:13,69
DA:14,69
DA:15,69
DA:16,69
DA:17,69
DA:18,1
DA:19,1
DA:20,1
DA:21,1
DA:22,1
DA:23,70
DA:24,70
DA:25,69
DA:26,69
DA:27,69
DA:28,70
DA:29,1
DA:30,1
DA:31,70
DA:32,1
DA:33,1
DA:34,1
DA:35,78
DA:36,78
DA:37,78
DA:38,1
DA:39,1
DA:40,83
DA:41,83
DA:42,83
DA:43,83
DA:44,83
DA:45,83
DA:46,1
DA:47,1
DA:48,82
DA:49,82
DA:50,83
DA:51,1
DA:52,1
DA:53,81
DA:54,81
DA:55,81
DA:56,81
DA:57,81
DA:58,81
DA:59,83
DA:60,1
DA:61,1
DA:62,80
DA:63,80
DA:64,80
DA:65,80
DA:66,80
DA:67,80
DA:68,83
DA:69,0
DA:70,0
DA:71,80
DA:72,80
DA:73,80
DA:74,80
DA:75,80
DA:76,80
DA:77,83
DA:78,20
DA:79,20
DA:80,80
DA:81,80
DA:82,83
DA:83,3
DA:84,3
DA:85,83
DA:86,1
DA:87,1
DA:88,3
DA:89,3
DA:90,3
DA:91,3
DA:92,3
DA:93,3
DA:94,3
DA:95,3
DA:96,3
DA:97,3
DA:98,3
DA:99,3
DA:100,3
DA:101,3
DA:102,3
DA:103,3
DA:104,3
DA:105,1
DA:106,1
DA:107,1
DA:108,21
DA:109,21
DA:110,21
DA:111,1
DA:112,1
DA:113,11
DA:114,11
DA:115,1
DA:116,1
DA:117,22
DA:118,22
DA:119,22
DA:120,21
DA:121,76
DA:122,76
DA:123,76
DA:124,21
DA:125,22
DA:126,22
DA:127,22
DA:128,1
DA:129,1
DA:130,1
DA:131,3
DA:132,3
DA:133,3
DA:134,1
DA:135,1
DA:136,241
DA:137,241
DA:138,0
DA:139,0
DA:140,241
DA:141,241
DA:142,1
DA:143,1
DA:144,372
DA:145,372
DA:146,372
DA:147,372
DA:148,372
DA:149,372
DA:150,372
DA:151,372
DA:152,1
DA:153,1
DA:154,1
DA:155,2
DA:156,2
DA:157,2
DA:158,0
DA:159,0
DA:160,2
DA:161,2
DA:162,2
DA:163,2
DA:164,2
DA:165,2
DA:166,2
DA:167,2
DA:168,2
DA:169,2
DA:170,2
DA:171,2
DA:172,2
DA:173,2
DA:174,2
DA:175,2
DA:176,2
DA:177,2
DA:178,2
DA:179,2
DA:180,2
DA:181,2
DA:182,2
DA:183,2
DA:184,2
DA:185,2
DA:186,2
DA:187,2
DA:188,8
DA:189,8
DA:190,8
DA:191,8
DA:192,8
DA:193,8
DA:194,8
DA:195,8
DA:196,8
DA:197,0
DA:198,8
DA:199,0
DA:200,8
DA:201,8
DA:202,8
DA:203,8
DA:204,8
DA:205,8
DA:206,8
DA:207,8
DA:208,8
DA:209,8
DA:210,8
DA:211,8
DA:212,8
DA:213,8
DA:214,8
DA:215,2
DA:216,2
DA:217,2
DA:218,2
DA:219,2
DA:220,1
DA:221,1
DA:222,1
DA:223,2
DA:224,2
DA:225,2
DA:226,1
DA:227,1
DA:228,1
DA:229,1
DA:230,1
DA:231,1
DA:232,1
DA:233,1
DA:234,1
DA:235,1
DA:236,1
DA:237,1
DA:238,2
DA:239,1
DA:240,1
DA:241,2
DA:242,1
DA:243,1
DA:244,1
DA:245,90
DA:246,90
DA:247,90
DA:248,90
DA:249,90
DA:250,89
DA:251,89
DA:252,89
DA:253,89
DA:254,89
DA:255,90
DA:256,1
DA:257,1
DA:258,301
DA:259,301
DA:260,1
DA:261,1
DA:262,49
DA:263,189
DA:264,189
DA:265,49
DA:266,49
DA:267,1
DA:268,1
DA:269,36
DA:270,36
DA:271,36
DA:272,36
DA:273,1
DA:274,1
DA:275,1
DA:276,6
DA:277,6
DA:278,1
DA:279,1
DA:280,5
DA:281,5
DA:282,1
DA:283,1
DA:284,1
DA:285,1
DA:286,1
DA:287,1
DA:288,238
DA:289,238
DA:290,1
DA:291,1
DA:292,0
DA:293,0
DA:294,1
DA:295,1
DA:296,363
DA:297,363
DA:298,1
DA:299,1
DA:300,1
DA:301,1
DA:302,1
DA:303,1
DA:304,1
DA:305,1
DA:306,1
DA:307,1
DA:308,1
DA:309,1
DA:310,71
DA:311,71
DA:312,71
DA:313,0
DA:314,0
DA:315,71
DA:316,71
DA:317,71
DA:318,71
DA:319,20
DA:320,20
DA:321,17
DA:322,17
DA:323,17
DA:324,17
DA:325,17
DA:326,20
DA:327,71
DA:328,1
DA:329,1
DA:330,3
DA:331,3
DA:332,3
DA:333,0
DA:334,0
DA:335,3
DA:336,3
DA:337,3
DA:338,1
DA:339,1
DA:340,2
DA:341,2
DA:342,2
DA:343,2
DA:344,2
DA:345,1
DA:346,1
DA:347,1
DA:348,2
DA:349,1
DA:350,1
DA:351,2
DA:352,2
DA:353,2
DA:354,2
DA:355,2
DA:356,1
DA:357,1
DA:358,2
DA:359,1
DA:360,1
DA:361,1
DA:362,2
DA:363,2
DA:364,2
DA:365,0
DA:366,0
DA:367,2
DA:368,2
DA:369,2
DA:370,2
DA:371,2
DA:372,2
DA:373,2
DA:374,2
DA:375,2
DA:376,2
DA:377,2
DA:378,2
DA:379,2
DA:380,2
DA:381,2
DA:382,2
DA:383,2
DA:384,2
DA:385,2
DA:386,2
DA:387,2
DA:388,2
DA:389,2
DA:390,2
DA:391,2
DA:392,2
DA:393,2
DA:394,2
DA:395,1
DA:396,1
DA:397,108
DA:398,108
DA:399,108
DA:400,0
DA:401,0
DA:402,108
DA:403,108
DA:404,108
DA:405,108
DA:406,108
DA:407,108
DA:408,108
DA:409,108
DA:410,108
DA:411,1
DA:412,108
DA:413,1
DA:414,1
DA:415,106
DA:416,106
DA:417,106
DA:418,318
DA:419,317
DA:420,318
DA:421,1
DA:422,1
DA:423,108
DA:424,2
DA:425,2
DA:426,104
DA:427,104
DA:428,312
DA:429,104
DA:430,104
DA:431,408
DA:432,308
DA:433,408
DA:434,100
DA:435,100
DA:436,104
DA:437,104
DA:438,104
DA:439,104
DA:440,104
DA:441,104
DA:442,104
DA:443,104
DA:444,104
DA:445,104
DA:446,104
DA:447,104
DA:448,108
DA:449,26
DA:450,26
DA:451,108
DA:452,4
DA:453,4
DA:454,108
DA:455,1
DA:456,1
DA:457,2
DA:458,2
DA:459,2
DA:460,2
DA:461,1
DA:462,1
DA:463,6
DA:464,6
DA:465,6
DA:466,0
DA:467,0
DA:468,6
DA:469,6
DA:470,6
DA:471,6
DA:472,6
DA:473,6
DA:474,24
DA:475,24
DA:476,24
DA:477,24
DA:478,24
DA:479,24
DA:480,24
DA:481,24
DA:482,24
DA:483,24
DA:484,24
DA:485,24
DA:486,24
DA:487,24
DA:488,24
DA:489,6
DA:490,6
DA:491,6
DA:492,6
DA:493,6
DA:494,6
DA:495,6
DA:496,1
DA:497,1
DA:498,78
DA:499,78
DA:500,78
DA:501,0
DA:502,0
DA:503,78
DA:504,78
DA:505,78
DA:506,78
DA:507,78
DA:508,78
DA:509,78
DA:510,78
DA:511,78
DA:512,78
DA:513,78
DA:514,78
DA:515,252
DA:516,78
DA:517,78
DA:518,311
DA:519,78
DA:520,78
DA:521,251
DA:522,78
DA:523,78
DA:524,78
DA:525,78
DA:526,18
DA:527,18
DA:528,18
DA:529,18
DA:530,18
DA:531,18
DA:532,4
DA:533,4
DA:534,14
DA:535,14
DA:536,14
DA:537,14
DA:538,14
DA:539,18
DA:540,18
DA:541,18
DA:542,60
DA:543,78
DA:544,1
DA:545,1
DA:546,59
DA:547,59
DA:548,59
DA:549,59
DA:550,78
DA:551,1
DA:552,1
DA:553,6
DA:554,6
DA:555,6
DA:556,0
DA:557,0
DA:558,6
DA:559,6
DA:560,6
DA:561,6
DA:562,6
DA:563,6
DA:564,6
DA:565,6
DA:566,6
DA:567,6
DA:568,6
DA:569,6
DA:570,21
DA:571,6
DA:572,6
DA:573,11
DA:574,6
DA:575,6
DA:576,6
DA:577,6
DA:578,2
DA:579,2
DA:580,4
DA:581,4
DA:582,4
DA:583,4
DA:584,4
DA:585,6
DA:586,1
DA:587,1
DA:588,1
DA:589,4
DA:590,4
DA:591,4
DA:592,1
DA:593,1
DA:594,1
DA:595,4
DA:596,3
DA:597,3
DA:598,4
DA:599,1
DA:600,1
DA:601,1
DA:602,67
DA:603,67
DA:604,1
DA:605,1
DA:606,17
DA:607,17
DA:608,17
DA:609,17
DA:610,17
DA:611,17
DA:612,17
DA:613,17
DA:614,17
DA:615,68
DA:616,68
DA:617,17
DA:618,17
DA:619,17
DA:620,17
DA:621,1
DA:622,1
DA:623,17
DA:624,17
DA:625,1
DA:626,1
DA:627,3
DA:628,3
DA:629,3
DA:630,3
DA:631,3
DA:632,3
DA:633,3
DA:634,3
DA:635,3
DA:636,3
DA:637,12
DA:638,12
DA:639,12
DA:640,12
DA:641,12
DA:642,12
DA:643,12
DA:644,12
DA:645,12
DA:646,12
DA:647,12
DA:648,12
DA:649,12
DA:650,12
DA:651,12
DA:652,12
DA:653,12
DA:654,3
DA:655,3
DA:656,3
DA:657,12
DA:658,12
DA:659,12
DA:660,12
DA:661,12
DA:662,3
DA:663,3
DA:664,3
DA:665,3
DA:666,3
DA:667,3
DA:668,3
DA:669,3
DA:670,3
DA:671,3
DA:672,1
DA:673,1
DA:674,1
LF:674
LH:650
BRDA:12,0,0,69
BRDA:22,1,0,70
BRDA:24,2,0,69
BRDA:28,3,0,1
BRDA:34,4,0,78
BRDA:39,5,0,83
BRDA:45,6,0,1
BRDA:47,7,0,82
BRDA:50,8,0,1
BRDA:52,9,0,81
BRDA:59,10,0,1
BRDA:61,11,0,80
BRDA:68,12,0,0
BRDA:70,13,0,80
BRDA:77,14,0,20
BRDA:79,15,0,80
BRDA:82,16,0,3
BRDA:87,17,0,3
BRDA:93,18,0,10
BRDA:107,19,0,21
BRDA:112,20,0,11
BRDA:116,21,0,22
BRDA:119,22,0,21
BRDA:120,23,0,76
BRDA:130,24,0,3
BRDA:135,25,0,241
BRDA:137,26,0,0
BRDA:143,27,0,372
BRDA:154,28,0,2
BRDA:157,29,0,0
BRDA:157,30,0,0
BRDA:163,31,0,8
BRDA:187,32,0,8
BRDA:194,33,0,8
BRDA:196,34,0,0
BRDA:198,35,0,0
BRDA:222,36,0,2
BRDA:225,37,0,1
BRDA:238,38,0,1
BRDA:232,39,0,2
BRDA:244,40,0,90
BRDA:249,41,0,89
BRDA:257,42,0,301
BRDA:261,43,0,49
BRDA:262,44,0,189
BRDA:263,45,0,0
BRDA:268,46,0,36
BRDA:275,47,0,6
BRDA:279,48,0,5
BRDA:283,49,0,1
BRDA:287,50,0,238
BRDA:295,51,0,363
BRDA:299,52,0,1
BRDA:309,53,0,71
BRDA:312,54,0,20
BRDA:312,55,0,0
BRDA:318,56,0,20
BRDA:320,57,0,17
BRDA:320,58,0,74
BRDA:329,59,0,3
BRDA:332,60,0,0
BRDA:332,61,0,0
BRDA:339,62,0,2
BRDA:344,63,0,1
BRDA:344,64,0,6
BRDA:350,65,0,2
BRDA:355,66,0,1
BRDA:355,67,0,1
BRDA:361,68,0,2
BRDA:364,69,0,0
BRDA:390,70,0,0
BRDA:396,71,0,108
BRDA:399,72,0,0
BRDA:410,73,0,1
BRDA:412,74,0,107
BRDA:412,75,0,1
BRDA:414,76,0,106
BRDA:423,77,0,2
BRDA:425,78,0,104
BRDA:448,79,0,26
BRDA:451,80,0,4
BRDA:417,81,0,318
BRDA:418,82,0,317
BRDA:420,83,0,1
BRDA:427,84,0,312
BRDA:430,85,0,408
BRDA:431,86,0,308
BRDA:433,87,0,100
BRDA:448,88,0,182
BRDA:456,89,0,2
BRDA:462,90,0,6
BRDA:465,91,0,0
BRDA:473,92,0,24
BRDA:497,93,0,78
BRDA:500,94,0,0
BRDA:525,95,0,18
BRDA:531,96,0,4
BRDA:533,97,0,14
BRDA:541,98,0,60
BRDA:543,99,0,1
BRDA:543,100,0,1
BRDA:545,101,0,59
BRDA:514,102,0,252
BRDA:517,103,0,311
BRDA:520,104,0,251
BRDA:552,105,0,6
BRDA:555,106,0,0
BRDA:577,107,0,2
BRDA:577,108,0,2
BRDA:579,109,0,4
BRDA:569,110,0,21
BRDA:572,111,0,11
BRDA:588,112,0,4
BRDA:591,113,0,1
BRDA:595,114,0,3
BRDA:601,115,0,67
BRDA:605,116,0,17
BRDA:614,117,0,68
BRDA:607,118,0,68
BRDA:608,119,0,68
BRDA:622,120,0,17
BRDA:626,121,0,3
BRDA:656,122,0,12
BRDA:636,123,0,12
BRDA:639,124,0,48
BRF:125
BRH:109
end_of_record
