TN:
SF:src/lib/classes/Match.ts
FN:13,(anonymous_0)
FN:23,(anonymous_1)
FN:35,(anonymous_2)
FN:40,(anonymous_3)
FN:88,(anonymous_4)
FN:94,(anonymous_5)
FN:108,(anonymous_6)
FN:113,(anonymous_7)
FN:117,(anonymous_8)
FN:131,(anonymous_9)
FN:136,(anonymous_10)
FN:141,(anonymous_11)
FN:152,(anonymous_12)
FN:162,(anonymous_13)
FN:174,(anonymous_14)
FN:187,(anonymous_15)
FN:192,(anonymous_16)
FN:196,(anonymous_17)
FN:200,(anonymous_18)
FN:204,(anonymous_19)
FN:208,(anonymous_20)
FN:212,(anonymous_21)
FN:222,(anonymous_22)
FN:227,(anonymous_23)
FN:233,(anonymous_24)
FN:238,(anonymous_25)
FNF:26
FNH:26
FNDA:5,(anonymous_0)
FNDA:6,(anonymous_1)
FNDA:10,(anonymous_2)
FNDA:19,(anonymous_3)
FNDA:3,(anonymous_4)
FNDA:10,(anonymous_5)
FNDA:5,(anonymous_6)
FNDA:2,(anonymous_7)
FNDA:6,(anonymous_8)
FNDA:3,(anonymous_9)
FNDA:6,(anonymous_10)
FNDA:13,(anonymous_11)
FNDA:2,(anonymous_12)
FNDA:2,(anonymous_13)
FNDA:8,(anonymous_14)
FNDA:37,(anonymous_15)
FNDA:1,(anonymous_16)
FNDA:1,(anonymous_17)
FNDA:1,(anonymous_18)
FNDA:5,(anonymous_19)
FNDA:10,(anonymous_20)
FNDA:1,(anonymous_21)
FNDA:7,(anonymous_22)
FNDA:10,(anonymous_23)
FNDA:3,(anonymous_24)
FNDA:1,(anonymous_25)
DA:14,5
DA:15,5
DA:16,5
DA:17,5
DA:24,6
DA:25,6
DA:26,5
DA:27,5
DA:28,5
DA:30,1
DA:36,10
DA:37,10
DA:41,19
DA:42,19
DA:43,19
DA:45,19
DA:46,19
DA:47,1
DA:50,18
DA:51,18
DA:52,1
DA:55,17
DA:58,17
DA:60,17
DA:61,1
DA:65,16
DA:66,16
DA:67,16
DA:68,16
DA:70,0
DA:74,16
DA:75,16
DA:78,16
DA:79,4
DA:82,16
DA:84,3
DA:89,3
DA:90,3
DA:93,3
DA:94,10
DA:96,3
DA:104,3
DA:109,5
DA:110,5
DA:114,2
DA:118,6
DA:120,6
DA:121,5
DA:122,12
DA:123,12
DA:126,6
DA:127,6
DA:132,3
DA:133,3
DA:137,6
DA:138,6
DA:142,13
DA:145,13
DA:153,2
DA:154,2
DA:155,2
DA:156,1
DA:158,1
DA:161,1
DA:162,2
DA:163,1
DA:166,1
DA:169,1
DA:175,8
DA:179,8
DA:180,7
DA:188,37
DA:193,1
DA:197,1
DA:201,1
DA:205,5
DA:209,10
DA:213,1
DA:214,1
DA:223,7
DA:224,7
DA:225,7
DA:226,4
DA:227,10
DA:228,1
DA:234,3
DA:239,1
LF:87
LH:86
BRDA:25,0,0,5
BRDA:25,0,1,1
BRDA:46,1,0,1
BRDA:46,1,1,18
BRDA:51,2,0,1
BRDA:51,2,1,17
BRDA:60,3,0,1
BRDA:60,3,1,16
BRDA:65,4,0,16
BRDA:65,4,1,0
BRDA:78,5,0,4
BRDA:78,5,1,12
BRDA:120,6,0,5
BRDA:120,6,1,1
BRDA:155,7,0,1
BRDA:155,7,1,1
BRDA:179,8,0,7
BRDA:179,8,1,1
BRDA:225,9,0,4
BRDA:225,9,1,3
BRDA:227,10,0,1
BRDA:227,10,1,3
BRF:22
BRH:21
end_of_record
